INFO: [VRFC 10-2263] Analyzing Verilog file "F:/EM_LAB/EM_Instrument/TEMR-3S/Num01_code/Filter/decimation_adaptive/decimation_adaptive_vivado/decimation_adaptive_vivado.srcs/sources_1/new/Accumulator.v" into library xil_defaultlib
INFO: [VRFC 10-311] analyzing module Accumulator
INFO: [VRFC 10-2263] Analyzing Verilog file "F:/EM_LAB/EM_Instrument/TEMR-3S/Num01_code/Filter/decimation_adaptive/decimation_adaptive_vivado/decimation_adaptive_vivado.srcs/sources_1/new/Adder.v" into library xil_defaultlib
INFO: [VRFC 10-311] analyzing module Adder
INFO: [VRFC 10-2263] Analyzing Verilog file "F:/EM_LAB/EM_Instrument/TEMR-3S/Num01_code/Filter/decimation_adaptive/decimation_adaptive_vivado/decimation_adaptive_vivado.srcs/sources_1/new/Address_Generator.v" into library xil_defaultlib
INFO: [VRFC 10-311] analyzing module Address_Generator
INFO: [VRFC 10-2263] Analyzing Verilog file "F:/EM_LAB/EM_Instrument/TEMR-3S/Num01_code/Filter/decimation_adaptive/decimation_adaptive_vivado/decimation_adaptive_vivado.srcs/sources_1/new/Coeff_Controller.v" into library xil_defaultlib
INFO: [VRFC 10-311] analyzing module Coeff_Controller
INFO: [VRFC 10-2263] Analyzing Verilog file "F:/EM_LAB/EM_Instrument/TEMR-3S/Num01_code/Filter/decimation_adaptive/decimation_adaptive_vivado/decimation_adaptive_vivado.srcs/sources_1/new/Coefficient_Memory.v" into library xil_defaultlib
INFO: [VRFC 10-311] analyzing module Coefficient_Memory
INFO: [VRFC 10-2263] Analyzing Verilog file "F:/EM_LAB/EM_Instrument/TEMR-3S/Num01_code/Filter/decimation_adaptive/decimation_adaptive_vivado/decimation_adaptive_vivado.srcs/sources_1/new/Coefficient_Update.v" into library xil_defaultlib
INFO: [VRFC 10-311] analyzing module Coefficient_Update
INFO: [VRFC 10-2263] Analyzing Verilog file "F:/EM_LAB/EM_Instrument/TEMR-3S/Num01_code/Filter/decimation_adaptive/decimation_adaptive_vivado/decimation_adaptive_vivado.srcs/sources_1/new/Controller.v" into library xil_defaultlib
INFO: [VRFC 10-311] analyzing module Controller
INFO: [VRFC 10-2263] Analyzing Verilog file "F:/EM_LAB/EM_Instrument/TEMR-3S/Num01_code/Filter/decimation_adaptive/decimation_adaptive_vivado/decimation_adaptive_vivado.srcs/sources_1/new/Controller_block.v" into library xil_defaultlib
INFO: [VRFC 10-311] analyzing module Controller_block
INFO: [VRFC 10-2263] Analyzing Verilog file "F:/EM_LAB/EM_Instrument/TEMR-3S/Num01_code/Filter/decimation_adaptive/decimation_adaptive_vivado/decimation_adaptive_vivado.srcs/sources_1/new/DataType_Conversion.v" into library xil_defaultlib
INFO: [VRFC 10-311] analyzing module DataType_Conversion
INFO: [VRFC 10-2263] Analyzing Verilog file "F:/EM_LAB/EM_Instrument/TEMR-3S/Num01_code/Filter/decimation_adaptive/decimation_adaptive_vivado/decimation_adaptive_vivado.srcs/sources_1/new/Data_Control.v" into library xil_defaultlib
INFO: [VRFC 10-311] analyzing module Data_Control
INFO: [VRFC 10-2263] Analyzing Verilog file "F:/EM_LAB/EM_Instrument/TEMR-3S/Num01_code/Filter/decimation_adaptive/decimation_adaptive_vivado/decimation_adaptive_vivado.srcs/sources_1/new/Data_Conversion.v" into library xil_defaultlib
INFO: [VRFC 10-311] analyzing module Data_Conversion
INFO: [VRFC 10-2263] Analyzing Verilog file "F:/EM_LAB/EM_Instrument/TEMR-3S/Num01_code/Filter/decimation_adaptive/decimation_adaptive_vivado/decimation_adaptive_vivado.srcs/sources_1/new/Data_Conversion_block.v" into library xil_defaultlib
INFO: [VRFC 10-311] analyzing module Data_Conversion_block
INFO: [VRFC 10-2263] Analyzing Verilog file "F:/EM_LAB/EM_Instrument/TEMR-3S/Num01_code/Filter/decimation_adaptive/decimation_adaptive_vivado/decimation_adaptive_vivado.srcs/sources_1/new/Data_Type_Conversion.v" into library xil_defaultlib
INFO: [VRFC 10-311] analyzing module Data_Type_Conversion
INFO: [VRFC 10-2263] Analyzing Verilog file "F:/EM_LAB/EM_Instrument/TEMR-3S/Num01_code/Filter/decimation_adaptive/decimation_adaptive_vivado/decimation_adaptive_vivado.srcs/sources_1/new/Data_Type_Conversion_Inherited.v" into library xil_defaultlib
INFO: [VRFC 10-311] analyzing module Data_Type_Conversion_Inherited
INFO: [VRFC 10-2263] Analyzing Verilog file "F:/EM_LAB/EM_Instrument/TEMR-3S/Num01_code/Filter/decimation_adaptive/decimation_adaptive_vivado/decimation_adaptive_vivado.srcs/sources_1/new/DelayLine_Controller.v" into library xil_defaultlib
INFO: [VRFC 10-311] analyzing module DelayLine_Controller
INFO: [VRFC 10-2263] Analyzing Verilog file "F:/EM_LAB/EM_Instrument/TEMR-3S/Num01_code/Filter/decimation_adaptive/decimation_adaptive_vivado/decimation_adaptive_vivado.srcs/sources_1/new/Enb_Delay.v" into library xil_defaultlib
INFO: [VRFC 10-311] analyzing module Enb_Delay
INFO: [VRFC 10-2263] Analyzing Verilog file "F:/EM_LAB/EM_Instrument/TEMR-3S/Num01_code/Filter/decimation_adaptive/decimation_adaptive_vivado/decimation_adaptive_vivado.srcs/sources_1/new/Enb_Delay2.v" into library xil_defaultlib
INFO: [VRFC 10-311] analyzing module Enb_Delay2
INFO: [VRFC 10-2263] Analyzing Verilog file "F:/EM_LAB/EM_Instrument/TEMR-3S/Num01_code/Filter/decimation_adaptive/decimation_adaptive_vivado/decimation_adaptive_vivado.srcs/sources_1/new/Filter.v" into library xil_defaultlib
INFO: [VRFC 10-311] analyzing module Filter
INFO: [VRFC 10-2263] Analyzing Verilog file "F:/EM_LAB/EM_Instrument/TEMR-3S/Num01_code/Filter/decimation_adaptive/decimation_adaptive_vivado/decimation_adaptive_vivado.srcs/sources_1/new/Filter_Error.v" into library xil_defaultlib
INFO: [VRFC 10-311] analyzing module Filter_Error
INFO: [VRFC 10-2263] Analyzing Verilog file "F:/EM_LAB/EM_Instrument/TEMR-3S/Num01_code/Filter/decimation_adaptive/decimation_adaptive_vivado/decimation_adaptive_vivado.srcs/sources_1/new/Input_Control.v" into library xil_defaultlib
INFO: [VRFC 10-311] analyzing module Input_Control
INFO: [VRFC 10-2263] Analyzing Verilog file "F:/EM_LAB/EM_Instrument/TEMR-3S/Num01_code/Filter/decimation_adaptive/decimation_adaptive_vivado/decimation_adaptive_vivado.srcs/sources_1/new/MATLAB_Function1.v" into library xil_defaultlib
INFO: [VRFC 10-311] analyzing module MATLAB_Function1
INFO: [VRFC 10-2263] Analyzing Verilog file "F:/EM_LAB/EM_Instrument/TEMR-3S/Num01_code/Filter/decimation_adaptive/decimation_adaptive_vivado/decimation_adaptive_vivado.srcs/sources_1/new/MDV_LMS_Algorithm.v" into library xil_defaultlib
INFO: [VRFC 10-311] analyzing module MDV_LMS_Algorithm
INFO: [VRFC 10-2263] Analyzing Verilog file "F:/EM_LAB/EM_Instrument/TEMR-3S/Num01_code/Filter/decimation_adaptive/decimation_adaptive_vivado/decimation_adaptive_vivado.srcs/sources_1/new/Multiplier1.v" into library xil_defaultlib
INFO: [VRFC 10-311] analyzing module Multiplier1
INFO: [VRFC 10-2263] Analyzing Verilog file "F:/EM_LAB/EM_Instrument/TEMR-3S/Num01_code/Filter/decimation_adaptive/decimation_adaptive_vivado/decimation_adaptive_vivado.srcs/sources_1/new/Multiplier2.v" into library xil_defaultlib
INFO: [VRFC 10-311] analyzing module Multiplier2
INFO: [VRFC 10-2263] Analyzing Verilog file "F:/EM_LAB/EM_Instrument/TEMR-3S/Num01_code/Filter/decimation_adaptive/decimation_adaptive_vivado/decimation_adaptive_vivado.srcs/sources_1/new/Multiplier_block1.v" into library xil_defaultlib
INFO: [VRFC 10-311] analyzing module Multiplier_block1
INFO: [VRFC 10-2263] Analyzing Verilog file "F:/EM_LAB/EM_Instrument/TEMR-3S/Num01_code/Filter/decimation_adaptive/decimation_adaptive_vivado/decimation_adaptive_vivado.srcs/sources_1/new/Reset_Control.v" into library xil_defaultlib
INFO: [VRFC 10-311] analyzing module Reset_Control
INFO: [VRFC 10-2263] Analyzing Verilog file "F:/EM_LAB/EM_Instrument/TEMR-3S/Num01_code/Filter/decimation_adaptive/decimation_adaptive_vivado/decimation_adaptive_vivado.srcs/sources_1/new/Reset_Data.v" into library xil_defaultlib
INFO: [VRFC 10-311] analyzing module Reset_Data
INFO: [VRFC 10-2263] Analyzing Verilog file "F:/EM_LAB/EM_Instrument/TEMR-3S/Num01_code/Filter/decimation_adaptive/decimation_adaptive_vivado/decimation_adaptive_vivado.srcs/sources_1/new/SimpleDualPortRAM_generic.v" into library xil_defaultlib
INFO: [VRFC 10-311] analyzing module SimpleDualPortRAM_generic
INFO: [VRFC 10-2263] Analyzing Verilog file "F:/EM_LAB/EM_Instrument/TEMR-3S/Num01_code/Filter/decimation_adaptive/decimation_adaptive_vivado/decimation_adaptive_vivado.srcs/sources_1/new/SimpleDualPortRAM_generic_block.v" into library xil_defaultlib
INFO: [VRFC 10-311] analyzing module SimpleDualPortRAM_generic_block
INFO: [VRFC 10-2263] Analyzing Verilog file "F:/EM_LAB/EM_Instrument/TEMR-3S/Num01_code/Filter/decimation_adaptive/decimation_adaptive_vivado/decimation_adaptive_vivado.srcs/sources_1/new/Tapped_Delay.v" into library xil_defaultlib
INFO: [VRFC 10-311] analyzing module Tapped_Delay
INFO: [VRFC 10-2263] Analyzing Verilog file "F:/EM_LAB/EM_Instrument/TEMR-3S/Num01_code/Filter/decimation_adaptive/decimation_adaptive_vivado/decimation_adaptive_vivado.srcs/sources_1/new/multiplier.v" into library xil_defaultlib
INFO: [VRFC 10-311] analyzing module multiplier
INFO: [VRFC 10-2263] Analyzing Verilog file "F:/EM_LAB/EM_Instrument/TEMR-3S/Num01_code/Filter/decimation_adaptive/decimation_adaptive_vivado/decimation_adaptive_vivado.srcs/sources_1/new/multiplier_block.v" into library xil_defaultlib
INFO: [VRFC 10-311] analyzing module multiplier_block
INFO: [VRFC 10-2263] Analyzing Verilog file "F:/EM_LAB/EM_Instrument/TEMR-3S/Num01_code/Filter/decimation_adaptive/decimation_adaptive_vivado/decimation_adaptive_vivado.srcs/sources_1/new/resetControl.v" into library xil_defaultlib
INFO: [VRFC 10-311] analyzing module resetControl
INFO: [VRFC 10-2263] Analyzing Verilog file "F:/EM_LAB/EM_Instrument/TEMR-3S/Num01_code/Filter/decimation_adaptive/decimation_adaptive_vivado/decimation_adaptive_vivado.srcs/sim_1/new/MDV_LMS_Algorithm_tb.v" into library xil_defaultlib
INFO: [VRFC 10-311] analyzing module MDV_LMS_Algorithm_tb
