
*** Running vivado
    with args -log decimation_1ch_d128_20_fir_compiler_v7_2_i5.vds -m64 -product Vivado -mode batch -messageDb vivado.pb -notrace -source decimation_1ch_d128_20_fir_compiler_v7_2_i5.tcl



****** Vivado v2020.2 (64-bit)
  **** SW Build 3064766 on Wed Nov 18 09:12:45 MST 2020
  **** IP Build 3064653 on Wed Nov 18 14:17:31 MST 2020
    ** Copyright 1986-2020 Xilinx, Inc. All Rights Reserved.

source decimation_1ch_d128_20_fir_compiler_v7_2_i5.tcl -notrace
Command: synth_design -top decimation_1ch_d128_20_fir_compiler_v7_2_i5 -part xc7a200tfbg484-2 -mode out_of_context
Starting synth_design
Attempting to get a license for feature 'Synthesis' and/or device 'xc7a200t'
INFO: [Common 17-349] Got license for feature 'Synthesis' and/or device 'xc7a200t'
INFO: [Device 21-403] Loading part xc7a200tfbg484-2
INFO: [Synth 8-7079] Multithreading enabled for synth_design using a maximum of 2 processes.
INFO: [Synth 8-7078] Launching helper process for spawning children vivado processes
INFO: [Synth 8-7075] Helper process launched with PID 39436
---------------------------------------------------------------------------------
Starting RTL Elaboration : Time (s): cpu = 00:00:04 ; elapsed = 00:00:07 . Memory (MB): peak = 1185.590 ; gain = 44.461
---------------------------------------------------------------------------------
INFO: [Synth 8-638] synthesizing module 'decimation_1ch_d128_20_fir_compiler_v7_2_i5' [c:/Users/dell/Desktop/xilinx_DLP/decimation_adaptive_vivado/decimation_1ch_d128_20.gen/sources_1/ip/decimation_1ch_d128_20_fir_compiler_v7_2_i5/synth/decimation_1ch_d128_20_fir_compiler_v7_2_i5.vhd:72]
	Parameter C_XDEVICEFAMILY bound to: artix7 - type: string 
	Parameter C_ELABORATION_DIR bound to: ./ - type: string 
	Parameter C_COMPONENT_NAME bound to: decimation_1ch_d128_20_fir_compiler_v7_2_i5 - type: string 
	Parameter C_COEF_FILE bound to: decimation_1ch_d128_20_fir_compiler_v7_2_i5.mif - type: string 
	Parameter C_COEF_FILE_LINES bound to: 5 - type: integer 
	Parameter C_FILTER_TYPE bound to: 7 - type: integer 
	Parameter C_INTERP_RATE bound to: 1 - type: integer 
	Parameter C_DECIM_RATE bound to: 2 - type: integer 
	Parameter C_ZERO_PACKING_FACTOR bound to: 1 - type: integer 
	Parameter C_SYMMETRY bound to: 1 - type: integer 
	Parameter C_NUM_FILTS bound to: 1 - type: integer 
	Parameter C_NUM_TAPS bound to: 11 - type: integer 
	Parameter C_NUM_CHANNELS bound to: 1 - type: integer 
	Parameter C_CHANNEL_PATTERN bound to: fixed - type: string 
	Parameter C_ROUND_MODE bound to: 0 - type: integer 
	Parameter C_COEF_RELOAD bound to: 0 - type: integer 
	Parameter C_NUM_RELOAD_SLOTS bound to: 1 - type: integer 
	Parameter C_COL_MODE bound to: 1 - type: integer 
	Parameter C_COL_PIPE_LEN bound to: 4 - type: integer 
	Parameter C_COL_CONFIG bound to: 2 - type: string 
	Parameter C_OPTIMIZATION bound to: 0 - type: integer 
	Parameter C_DATA_PATH_WIDTHS bound to: 16 - type: string 
	Parameter C_DATA_IP_PATH_WIDTHS bound to: 16 - type: string 
	Parameter C_DATA_PX_PATH_WIDTHS bound to: 16 - type: string 
	Parameter C_DATA_WIDTH bound to: 16 - type: integer 
	Parameter C_COEF_PATH_WIDTHS bound to: 16 - type: string 
	Parameter C_COEF_WIDTH bound to: 16 - type: integer 
	Parameter C_DATA_PATH_SRC bound to: 0 - type: string 
	Parameter C_COEF_PATH_SRC bound to: 0 - type: string 
	Parameter C_PX_PATH_SRC bound to: 0 - type: string 
	Parameter C_DATA_PATH_SIGN bound to: 0 - type: string 
	Parameter C_COEF_PATH_SIGN bound to: 0 - type: string 
	Parameter C_ACCUM_PATH_WIDTHS bound to: 32 - type: string 
	Parameter C_OUTPUT_WIDTH bound to: 32 - type: integer 
	Parameter C_OUTPUT_PATH_WIDTHS bound to: 32 - type: string 
	Parameter C_ACCUM_OP_PATH_WIDTHS bound to: 32 - type: string 
	Parameter C_EXT_MULT_CNFG bound to: none - type: string 
	Parameter C_DATA_PATH_PSAMP_SRC bound to: 0 - type: string 
	Parameter C_OP_PATH_PSAMP_SRC bound to: 0 - type: string 
	Parameter C_NUM_MADDS bound to: 2 - type: integer 
	Parameter C_OPT_MADDS bound to: none - type: string 
	Parameter C_OVERSAMPLING_RATE bound to: 2 - type: integer 
	Parameter C_INPUT_RATE bound to: 1 - type: integer 
	Parameter C_OUTPUT_RATE bound to: 2 - type: integer 
	Parameter C_DATA_MEMTYPE bound to: 0 - type: integer 
	Parameter C_COEF_MEMTYPE bound to: 2 - type: integer 
	Parameter C_IPBUFF_MEMTYPE bound to: 2 - type: integer 
	Parameter C_OPBUFF_MEMTYPE bound to: 0 - type: integer 
	Parameter C_DATAPATH_MEMTYPE bound to: 2 - type: integer 
	Parameter C_MEM_ARRANGEMENT bound to: 1 - type: integer 
	Parameter C_DATA_MEM_PACKING bound to: 0 - type: integer 
	Parameter C_COEF_MEM_PACKING bound to: 0 - type: integer 
	Parameter C_FILTS_PACKED bound to: 0 - type: integer 
	Parameter C_LATENCY bound to: 14 - type: integer 
	Parameter C_HAS_ARESETn bound to: 1 - type: integer 
	Parameter C_HAS_ACLKEN bound to: 1 - type: integer 
	Parameter C_DATA_HAS_TLAST bound to: 0 - type: integer 
	Parameter C_S_DATA_HAS_FIFO bound to: 0 - type: integer 
	Parameter C_S_DATA_HAS_TUSER bound to: 0 - type: integer 
	Parameter C_S_DATA_TDATA_WIDTH bound to: 16 - type: integer 
	Parameter C_S_DATA_TUSER_WIDTH bound to: 1 - type: integer 
	Parameter C_M_DATA_HAS_TREADY bound to: 0 - type: integer 
	Parameter C_M_DATA_HAS_TUSER bound to: 0 - type: integer 
	Parameter C_M_DATA_TDATA_WIDTH bound to: 32 - type: integer 
	Parameter C_M_DATA_TUSER_WIDTH bound to: 1 - type: integer 
	Parameter C_HAS_CONFIG_CHANNEL bound to: 0 - type: integer 
	Parameter C_CONFIG_SYNC_MODE bound to: 0 - type: integer 
	Parameter C_CONFIG_PACKET_SIZE bound to: 0 - type: integer 
	Parameter C_CONFIG_TDATA_WIDTH bound to: 1 - type: integer 
	Parameter C_RELOAD_TDATA_WIDTH bound to: 1 - type: integer 
INFO: [Synth 8-3491] module 'fir_compiler_v7_2_15' declared at 'c:/Users/dell/Desktop/xilinx_DLP/decimation_adaptive_vivado/decimation_1ch_d128_20.gen/sources_1/ip/decimation_1ch_d128_20_fir_compiler_v7_2_i5/hdl/fir_compiler_v7_2_vh_rfs.vhd:67113' bound to instance 'U0' of component 'fir_compiler_v7_2_15' [c:/Users/dell/Desktop/xilinx_DLP/decimation_adaptive_vivado/decimation_1ch_d128_20.gen/sources_1/ip/decimation_1ch_d128_20_fir_compiler_v7_2_i5/synth/decimation_1ch_d128_20_fir_compiler_v7_2_i5.vhd:204]
INFO: [Synth 8-256] done synthesizing module 'decimation_1ch_d128_20_fir_compiler_v7_2_i5' (13#1) [c:/Users/dell/Desktop/xilinx_DLP/decimation_adaptive_vivado/decimation_1ch_d128_20.gen/sources_1/ip/decimation_1ch_d128_20_fir_compiler_v7_2_i5/synth/decimation_1ch_d128_20_fir_compiler_v7_2_i5.vhd:72]
---------------------------------------------------------------------------------
Finished RTL Elaboration : Time (s): cpu = 00:00:08 ; elapsed = 00:00:12 . Memory (MB): peak = 1355.012 ; gain = 213.883
---------------------------------------------------------------------------------
---------------------------------------------------------------------------------
Start Handling Custom Attributes
---------------------------------------------------------------------------------
---------------------------------------------------------------------------------
Finished Handling Custom Attributes : Time (s): cpu = 00:00:09 ; elapsed = 00:00:12 . Memory (MB): peak = 1355.012 ; gain = 213.883
---------------------------------------------------------------------------------
---------------------------------------------------------------------------------
Finished RTL Optimization Phase 1 : Time (s): cpu = 00:00:09 ; elapsed = 00:00:12 . Memory (MB): peak = 1355.012 ; gain = 213.883
---------------------------------------------------------------------------------
Netlist sorting complete. Time (s): cpu = 00:00:00 ; elapsed = 00:00:00.023 . Memory (MB): peak = 1355.012 ; gain = 0.000
INFO: [Netlist 29-17] Analyzing 3 Unisim elements for replacement
INFO: [Netlist 29-28] Unisim Transformation completed in 0 CPU seconds
INFO: [Project 1-570] Preparing netlist for logic optimization

Processing XDC Constraints
Initializing timing engine
Parsing XDC File [c:/Users/dell/Desktop/xilinx_DLP/decimation_adaptive_vivado/decimation_1ch_d128_20.gen/sources_1/ip/decimation_1ch_d128_20_fir_compiler_v7_2_i5/decimation_1ch_d128_20_fir_compiler_v7_2_i5_ooc.xdc] for cell 'U0'
Finished Parsing XDC File [c:/Users/dell/Desktop/xilinx_DLP/decimation_adaptive_vivado/decimation_1ch_d128_20.gen/sources_1/ip/decimation_1ch_d128_20_fir_compiler_v7_2_i5/decimation_1ch_d128_20_fir_compiler_v7_2_i5_ooc.xdc] for cell 'U0'
Parsing XDC File [c:/Users/dell/Desktop/xilinx_DLP/decimation_adaptive_vivado/decimation_1ch_d128_20.gen/sources_1/ip/decimation_1ch_d128_20_fir_compiler_v7_2_i5/constraints/fir_compiler_v7_2.xdc] for cell 'U0'
Finished Parsing XDC File [c:/Users/dell/Desktop/xilinx_DLP/decimation_adaptive_vivado/decimation_1ch_d128_20.gen/sources_1/ip/decimation_1ch_d128_20_fir_compiler_v7_2_i5/constraints/fir_compiler_v7_2.xdc] for cell 'U0'
Parsing XDC File [C:/Users/dell/Desktop/xilinx_DLP/decimation_adaptive_vivado/decimation_adaptive_vivado.runs/decimation_1ch_d128_20_fir_compiler_v7_2_i5_synth_1/dont_touch.xdc]
Finished Parsing XDC File [C:/Users/dell/Desktop/xilinx_DLP/decimation_adaptive_vivado/decimation_adaptive_vivado.runs/decimation_1ch_d128_20_fir_compiler_v7_2_i5_synth_1/dont_touch.xdc]
Completed Processing XDC Constraints

Netlist sorting complete. Time (s): cpu = 00:00:00 ; elapsed = 00:00:00 . Memory (MB): peak = 1384.012 ; gain = 0.000
INFO: [Project 1-111] Unisim Transformation Summary:
No Unisim elements were transformed.

Constraint Validation Runtime : Time (s): cpu = 00:00:00 ; elapsed = 00:00:00.029 . Memory (MB): peak = 1385.062 ; gain = 1.051
---------------------------------------------------------------------------------
Finished Constraint Validation : Time (s): cpu = 00:00:14 ; elapsed = 00:00:18 . Memory (MB): peak = 1385.062 ; gain = 243.934
---------------------------------------------------------------------------------
---------------------------------------------------------------------------------
Start Loading Part and Timing Information
---------------------------------------------------------------------------------
Loading part: xc7a200tfbg484-2
---------------------------------------------------------------------------------
Finished Loading Part and Timing Information : Time (s): cpu = 00:00:14 ; elapsed = 00:00:18 . Memory (MB): peak = 1385.062 ; gain = 243.934
---------------------------------------------------------------------------------
---------------------------------------------------------------------------------
Start Applying 'set_property' XDC Constraints
---------------------------------------------------------------------------------
Applied set_property KEEP_HIERARCHY = SOFT for U0. (constraint file  C:/Users/dell/Desktop/xilinx_DLP/decimation_adaptive_vivado/decimation_adaptive_vivado.runs/decimation_1ch_d128_20_fir_compiler_v7_2_i5_synth_1/dont_touch.xdc, line 9).
---------------------------------------------------------------------------------
Finished applying 'set_property' XDC Constraints : Time (s): cpu = 00:00:14 ; elapsed = 00:00:18 . Memory (MB): peak = 1385.062 ; gain = 243.934
---------------------------------------------------------------------------------
---------------------------------------------------------------------------------
Finished RTL Optimization Phase 2 : Time (s): cpu = 00:00:15 ; elapsed = 00:00:19 . Memory (MB): peak = 1385.062 ; gain = 243.934
---------------------------------------------------------------------------------
INFO: [Synth 8-223] decloning instance 'U0/i_synth/g_halfband_decimation.i_halfband_decimation/g_semi_parallel_and_smac.g_cntrl_signals[5].i_delay' (delay__parameterized8) to 'U0/i_synth/g_halfband_decimation.i_halfband_decimation/g_semi_parallel_and_smac.g_cntrl_signals[8].i_delay'
INFO: [Synth 8-223] decloning instance 'U0/i_synth/g_halfband_decimation.i_halfband_decimation/g_semi_parallel_and_smac.g_cntrl_signals[6].i_delay' (delay__parameterized9) to 'U0/i_synth/g_halfband_decimation.i_halfband_decimation/g_semi_parallel_and_smac.g_cntrl_signals[9].i_delay'
---------------------------------------------------------------------------------
Start RTL Component Statistics 
---------------------------------------------------------------------------------
---------------------------------------------------------------------------------
Finished RTL Component Statistics 
---------------------------------------------------------------------------------
---------------------------------------------------------------------------------
Start Part Resource Summary
---------------------------------------------------------------------------------
Part Resources:
DSPs: 740 (col length:100)
BRAMs: 730 (col length: RAMB18 100 RAMB36 50)
---------------------------------------------------------------------------------
Finished Part Resource Summary
---------------------------------------------------------------------------------
---------------------------------------------------------------------------------
Start Cross Boundary and Area Optimization
---------------------------------------------------------------------------------
---------------------------------------------------------------------------------
Finished Cross Boundary and Area Optimization : Time (s): cpu = 00:00:16 ; elapsed = 00:00:21 . Memory (MB): peak = 1385.062 ; gain = 243.934
---------------------------------------------------------------------------------
---------------------------------------------------------------------------------
Start Applying XDC Timing Constraints
---------------------------------------------------------------------------------
---------------------------------------------------------------------------------
Finished Applying XDC Timing Constraints : Time (s): cpu = 00:00:24 ; elapsed = 00:00:32 . Memory (MB): peak = 1392.035 ; gain = 250.906
---------------------------------------------------------------------------------
---------------------------------------------------------------------------------
Start Timing Optimization
---------------------------------------------------------------------------------
---------------------------------------------------------------------------------
Finished Timing Optimization : Time (s): cpu = 00:00:24 ; elapsed = 00:00:32 . Memory (MB): peak = 1393.449 ; gain = 252.320
---------------------------------------------------------------------------------
---------------------------------------------------------------------------------
Start Technology Mapping
---------------------------------------------------------------------------------
---------------------------------------------------------------------------------
Finished Technology Mapping : Time (s): cpu = 00:00:24 ; elapsed = 00:00:32 . Memory (MB): peak = 1422.070 ; gain = 280.941
---------------------------------------------------------------------------------
---------------------------------------------------------------------------------
Start IO Insertion
---------------------------------------------------------------------------------
---------------------------------------------------------------------------------
Start Flattening Before IO Insertion
---------------------------------------------------------------------------------
---------------------------------------------------------------------------------
Finished Flattening Before IO Insertion
---------------------------------------------------------------------------------
---------------------------------------------------------------------------------
Start Final Netlist Cleanup
---------------------------------------------------------------------------------
---------------------------------------------------------------------------------
Finished Final Netlist Cleanup
---------------------------------------------------------------------------------
---------------------------------------------------------------------------------
Finished IO Insertion : Time (s): cpu = 00:00:27 ; elapsed = 00:00:35 . Memory (MB): peak = 1422.070 ; gain = 280.941
---------------------------------------------------------------------------------
---------------------------------------------------------------------------------
Start Renaming Generated Instances
---------------------------------------------------------------------------------
---------------------------------------------------------------------------------
Finished Renaming Generated Instances : Time (s): cpu = 00:00:27 ; elapsed = 00:00:35 . Memory (MB): peak = 1422.070 ; gain = 280.941
---------------------------------------------------------------------------------
---------------------------------------------------------------------------------
Start Rebuilding User Hierarchy
---------------------------------------------------------------------------------
---------------------------------------------------------------------------------
Finished Rebuilding User Hierarchy : Time (s): cpu = 00:00:27 ; elapsed = 00:00:35 . Memory (MB): peak = 1422.070 ; gain = 280.941
---------------------------------------------------------------------------------
---------------------------------------------------------------------------------
Start Renaming Generated Ports
---------------------------------------------------------------------------------
---------------------------------------------------------------------------------
Finished Renaming Generated Ports : Time (s): cpu = 00:00:27 ; elapsed = 00:00:35 . Memory (MB): peak = 1422.070 ; gain = 280.941
---------------------------------------------------------------------------------
---------------------------------------------------------------------------------
Start Handling Custom Attributes
---------------------------------------------------------------------------------
---------------------------------------------------------------------------------
Finished Handling Custom Attributes : Time (s): cpu = 00:00:27 ; elapsed = 00:00:35 . Memory (MB): peak = 1422.070 ; gain = 280.941
---------------------------------------------------------------------------------
---------------------------------------------------------------------------------
Start Renaming Generated Nets
---------------------------------------------------------------------------------
---------------------------------------------------------------------------------
Finished Renaming Generated Nets : Time (s): cpu = 00:00:27 ; elapsed = 00:00:35 . Memory (MB): peak = 1422.070 ; gain = 280.941
---------------------------------------------------------------------------------
---------------------------------------------------------------------------------
Start Writing Synthesis Report
---------------------------------------------------------------------------------

Report BlackBoxes: 
+-+--------------+----------+
| |BlackBox name |Instances |
+-+--------------+----------+
+-+--------------+----------+

Report Cell Usage: 
+------+---------+------+
|      |Cell     |Count |
+------+---------+------+
|1     |DSP48E1  |     3|
|3     |LUT1     |     8|
|4     |LUT2     |    25|
|5     |LUT3     |    64|
|6     |LUT4     |    28|
|7     |LUT5     |     5|
|8     |LUT6     |     9|
|9     |RAM16X1D |    32|
|10    |SRL16E   |    12|
|11    |FDRE     |   450|
|12    |FDSE     |    13|
+------+---------+------+
---------------------------------------------------------------------------------
Finished Writing Synthesis Report : Time (s): cpu = 00:00:27 ; elapsed = 00:00:35 . Memory (MB): peak = 1422.070 ; gain = 280.941
---------------------------------------------------------------------------------
Synthesis finished with 0 errors, 0 critical warnings and 0 warnings.
Synthesis Optimization Runtime : Time (s): cpu = 00:00:16 ; elapsed = 00:00:33 . Memory (MB): peak = 1422.070 ; gain = 250.891
Synthesis Optimization Complete : Time (s): cpu = 00:00:27 ; elapsed = 00:00:35 . Memory (MB): peak = 1422.070 ; gain = 280.941
INFO: [Project 1-571] Translating synthesized netlist
Netlist sorting complete. Time (s): cpu = 00:00:00 ; elapsed = 00:00:00.016 . Memory (MB): peak = 1425.918 ; gain = 0.000
INFO: [Netlist 29-17] Analyzing 35 Unisim elements for replacement
INFO: [Netlist 29-28] Unisim Transformation completed in 0 CPU seconds
INFO: [Project 1-570] Preparing netlist for logic optimization
INFO: [Opt 31-138] Pushed 0 inverter(s) to 0 load pin(s).
Netlist sorting complete. Time (s): cpu = 00:00:00 ; elapsed = 00:00:00.001 . Memory (MB): peak = 1441.020 ; gain = 0.000
INFO: [Project 1-111] Unisim Transformation Summary:
  A total of 32 instances were transformed.
  RAM16X1D => RAM32X1D (RAMD32(x2)): 32 instances

INFO: [Common 17-83] Releasing license: Synthesis
21 Infos, 0 Warnings, 0 Critical Warnings and 0 Errors encountered.
synth_design completed successfully
synth_design: Time (s): cpu = 00:00:32 ; elapsed = 00:00:43 . Memory (MB): peak = 1441.020 ; gain = 299.891
INFO: [Common 17-1381] The checkpoint 'C:/Users/dell/Desktop/xilinx_DLP/decimation_adaptive_vivado/decimation_adaptive_vivado.runs/decimation_1ch_d128_20_fir_compiler_v7_2_i5_synth_1/decimation_1ch_d128_20_fir_compiler_v7_2_i5.dcp' has been generated.
WARNING: [Common 17-576] 'use_project_ipc' is deprecated. This option is deprecated and no longer used.
INFO: [Coretcl 2-1648] Added synthesis output to IP cache for IP decimation_1ch_d128_20_fir_compiler_v7_2_i5, cache-ID = 7bb7cff0e1b3e9a3
INFO: [Coretcl 2-1174] Renamed 48 cell refs.
INFO: [Common 17-1381] The checkpoint 'C:/Users/dell/Desktop/xilinx_DLP/decimation_adaptive_vivado/decimation_adaptive_vivado.runs/decimation_1ch_d128_20_fir_compiler_v7_2_i5_synth_1/decimation_1ch_d128_20_fir_compiler_v7_2_i5.dcp' has been generated.
INFO: [runtcl-4] Executing : report_utilization -file decimation_1ch_d128_20_fir_compiler_v7_2_i5_utilization_synth.rpt -pb decimation_1ch_d128_20_fir_compiler_v7_2_i5_utilization_synth.pb
INFO: [Common 17-206] Exiting Vivado at Wed Apr 30 17:29:18 2025...
